<?xml version="1.0" encoding="UTF-8"?>
<!-- Generated by org.testng.reporters.JUnitXMLReporter -->
<testsuite ignored="0" hostname="BGVM1" failures="0" tests="1" name="MedicineCheckerTest" time="0.575" errors="0" timestamp="2025-06-27T07:14:19 UTC">
  <testcase classname="StandAloneTest.PharmacySalesToInendt2" name="@BeforeClass setup" time="0.86">
    <failure type="java.lang.NoSuchMethodError" message="&amp;apos;org.openqa.selenium.internal.Require$FileStateChecker org.openqa.selenium.internal.Require.state(java.lang.String, java.io.File)&amp;apos;">
      <![CDATA[java.lang.NoSuchMethodError: 'org.openqa.selenium.internal.Require$FileStateChecker org.openqa.selenium.internal.Require.state(java.lang.String, java.io.File)'
at org.openqa.selenium.remote.service.DriverFinder.getBinaryPaths(DriverFinder.java:103)
at org.openqa.selenium.remote.service.DriverFinder.getDriverPath(DriverFinder.java:55)
at org.openqa.selenium.chrome.ChromeDriver.generateExecutor(ChromeDriver.java:99)
at org.openqa.selenium.chrome.ChromeDriver.<init>(ChromeDriver.java:88)
at org.openqa.selenium.chrome.ChromeDriver.<init>(ChromeDriver.java:83)
at org.openqa.selenium.chrome.ChromeDriver.<init>(ChromeDriver.java:51)
at StandAloneTest.PharmacySalesToInendt2.setup(PharmacySalesToInendt2.java:21)
at java.base/java.util.ArrayList.forEach(ArrayList.java:1596)
at java.base/java.util.concurrent.FutureTask.run(FutureTask.java:317)
at java.base/java.util.concurrent.ThreadPoolExecutor.runWorker(ThreadPoolExecutor.java:1144)
at java.base/java.util.concurrent.ThreadPoolExecutor$Worker.run(ThreadPoolExecutor.java:642)
at java.base/java.lang.Thread.run(Thread.java:1583)
... Removed 13 stack frames]]>
    </failure>
  </testcase> <!-- @BeforeClass setup -->
  <testcase classname="StandAloneTest.PharmacySalesToInendt2" name="@AfterClass tearDown" time="0.0">
    <skipped/>
  </testcase> <!-- @AfterClass tearDown -->
  <testcase classname="TestComponents.MedicineCheceker" name="WareHouse_Medicine_Location" time="0.001">
    <skipped/>
  </testcase> <!-- WareHouse_Medicine_Location -->
</testsuite> <!-- MedicineCheckerTest -->
