<?xml version="1.0" encoding="UTF-8"?>
<!-- Generated by org.testng.reporters.JUnitXMLReporter -->
<testsuite ignored="0" hostname="BGVM1" failures="0" tests="2" name="PharmacySalesIndent" time="0.961" errors="0" timestamp="2025-06-27T07:14:19 UTC">
  <testcase classname="StandAloneTest.PharmacySalesToInendt2" name="loginTest" time="0.0">
    <skipped/>
  </testcase> <!-- loginTest -->
  <testcase classname="StandAloneTest.PharmacySalesToInendt2" name="addOpeningStock" time="0.0">
    <skipped/>
  </testcase> <!-- addOpeningStock -->
</testsuite> <!-- PharmacySalesIndent -->
