<?xml version="1.0" encoding="UTF-8"?>
<!-- Generated by org.testng.reporters.JUnitXMLReporter -->
<testsuite ignored="29" hostname="BGVM1" failures="1" tests="1" name="Run Login26(failed)" time="72.543" errors="0" timestamp="2025-07-10T11:45:30 UTC">
  <testcase classname="TestComponents.NegativeTestCases" name="Login26" time="68.052">
    <failure type="org.openqa.selenium.TimeoutException" message="Expected condition failed: waiting for visibility of [[EdgeDriver: MicrosoftEdge on windows (9ec36137faff7acfea28439ae9e2b498)] -&amp;gt; xpath: //input[@formcontrolname=&amp;apos;dol&amp;apos;]] (tried for 30 second(s) with 500 milliseconds interval)
Build info: version: &amp;apos;4.21.0&amp;apos;, revision: &amp;apos;79ed462ef4&amp;apos;
System info: os.name: &amp;apos;Windows 11&amp;apos;, os.arch: &amp;apos;amd64&amp;apos;, os.version: &amp;apos;10.0&amp;apos;, java.version: &amp;apos;21.0.7&amp;apos;
Driver info: org.openqa.selenium.edge.EdgeDriver
Capabilities {acceptInsecureCerts: false, browserName: MicrosoftEdge, browserVersion: 138.0.3351.77, fedcm:accounts: true, ms:edgeOptions: {debuggerAddress: localhost:54257}, msedge: {msedgedriverVersion: 138.0.3351.77 (efaf6935b436..., userDataDir: C:\Windows\SystemTemp\scope...}, networkConnectionEnabled: false, pageLoadStrategy: normal, platformName: windows, proxy: Proxy(), se:cdp: ws://localhost:54257/devtoo..., se:cdpVersion: 138.0.3351.77, setWindowRect: true, strictFileInteractability: false, timeouts: {implicit: 0, pageLoad: 300000, script: 30000}, unhandledPromptBehavior: dismiss and notify, webauthn:extension:credBlob: true, webauthn:extension:largeBlob: true, webauthn:extension:minPinLength: true, webauthn:extension:prf: true, webauthn:virtualAuthenticators: true}
Session ID: 9ec36137faff7acfea28439ae9e2b498">
      <![CDATA[org.openqa.selenium.TimeoutException: Expected condition failed: waiting for visibility of [[EdgeDriver: MicrosoftEdge on windows (9ec36137faff7acfea28439ae9e2b498)] -> xpath: //input[@formcontrolname='dol']] (tried for 30 second(s) with 500 milliseconds interval)
Build info: version: '4.21.0', revision: '79ed462ef4'
System info: os.name: 'Windows 11', os.arch: 'amd64', os.version: '10.0', java.version: '21.0.7'
Driver info: org.openqa.selenium.edge.EdgeDriver
Capabilities {acceptInsecureCerts: false, browserName: MicrosoftEdge, browserVersion: 138.0.3351.77, fedcm:accounts: true, ms:edgeOptions: {debuggerAddress: localhost:54257}, msedge: {msedgedriverVersion: 138.0.3351.77 (efaf6935b436..., userDataDir: C:\Windows\SystemTemp\scope...}, networkConnectionEnabled: false, pageLoadStrategy: normal, platformName: windows, proxy: Proxy(), se:cdp: ws://localhost:54257/devtoo..., se:cdpVersion: 138.0.3351.77, setWindowRect: true, strictFileInteractability: false, timeouts: {implicit: 0, pageLoad: 300000, script: 30000}, unhandledPromptBehavior: dismiss and notify, webauthn:extension:credBlob: true, webauthn:extension:largeBlob: true, webauthn:extension:minPinLength: true, webauthn:extension:prf: true, webauthn:virtualAuthenticators: true}
Session ID: 9ec36137faff7acfea28439ae9e2b498
at org.openqa.selenium.support.ui.WebDriverWait.timeoutException(WebDriverWait.java:84)
at org.openqa.selenium.support.ui.FluentWait.until(FluentWait.java:228)
at EzionAbstractionComponents.Abstraction.waitForVisibility(Abstraction.java:90)
at ezion.ResourcesMyHospital.EmployeePage.clearAndType(EmployeePage.java:126)
at ezion.ResourcesMyHospital.EmployeePage.enterDOL(EmployeePage.java:249)
at ezion.ResourcesMyHospital.EmployeePage.fillEmployeeForm(EmployeePage.java:327)
at TestComponents.NegativeTestCases.Login26(NegativeTestCases.java:788)
at java.base/java.util.ArrayList.forEach(ArrayList.java:1596)
... Removed 25 stack frames]]>
    </failure>
  </testcase> <!-- Login26 -->
  <testcase classname="TestComponents.NegativeTestCases" name="Login30" time="0.0">
    <ignored/>
  </testcase> <!-- Login30 -->
  <testcase classname="TestComponents.NegativeTestCases" name="Login20" time="0.0">
    <ignored/>
  </testcase> <!-- Login20 -->
  <testcase classname="TestComponents.NegativeTestCases" name="Login18" time="0.0">
    <ignored/>
  </testcase> <!-- Login18 -->
  <testcase classname="TestComponents.NegativeTestCases" name="Login12" time="0.0">
    <ignored/>
  </testcase> <!-- Login12 -->
  <testcase classname="TestComponents.NegativeTestCases" name="Login24" time="0.0">
    <ignored/>
  </testcase> <!-- Login24 -->
  <testcase classname="TestComponents.NegativeTestCases" name="Login4" time="0.0">
    <ignored/>
  </testcase> <!-- Login4 -->
  <testcase classname="TestComponents.NegativeTestCases" name="Login10" time="0.0">
    <ignored/>
  </testcase> <!-- Login10 -->
  <testcase classname="TestComponents.NegativeTestCases" name="Login2" time="0.0">
    <ignored/>
  </testcase> <!-- Login2 -->
  <testcase classname="TestComponents.NegativeTestCases" name="Login22" time="0.0">
    <ignored/>
  </testcase> <!-- Login22 -->
  <testcase classname="TestComponents.NegativeTestCases" name="Login16" time="0.0">
    <ignored/>
  </testcase> <!-- Login16 -->
  <testcase classname="TestComponents.NegativeTestCases" name="Login28" time="0.0">
    <ignored/>
  </testcase> <!-- Login28 -->
  <testcase classname="TestComponents.NegativeTestCases" name="Login8" time="0.0">
    <ignored/>
  </testcase> <!-- Login8 -->
  <testcase classname="TestComponents.NegativeTestCases" name="Login14" time="0.0">
    <ignored/>
  </testcase> <!-- Login14 -->
  <testcase classname="TestComponents.NegativeTestCases" name="Login6" time="0.0">
    <ignored/>
  </testcase> <!-- Login6 -->
  <testcase classname="TestComponents.NegativeTestCases" name="Login29" time="0.0">
    <ignored/>
  </testcase> <!-- Login29 -->
  <testcase classname="TestComponents.NegativeTestCases" name="Login9" time="0.0">
    <ignored/>
  </testcase> <!-- Login9 -->
  <testcase classname="TestComponents.NegativeTestCases" name="Login19" time="0.0">
    <ignored/>
  </testcase> <!-- Login19 -->
  <testcase classname="TestComponents.NegativeTestCases" name="Login23" time="0.0">
    <ignored/>
  </testcase> <!-- Login23 -->
  <testcase classname="TestComponents.NegativeTestCases" name="Login3" time="0.0">
    <ignored/>
  </testcase> <!-- Login3 -->
  <testcase classname="TestComponents.NegativeTestCases" name="Login13" time="0.0">
    <ignored/>
  </testcase> <!-- Login13 -->
  <testcase classname="TestComponents.NegativeTestCases" name="Login21" time="0.0">
    <ignored/>
  </testcase> <!-- Login21 -->
  <testcase classname="TestComponents.NegativeTestCases" name="Login1" time="0.0">
    <ignored/>
  </testcase> <!-- Login1 -->
  <testcase classname="TestComponents.NegativeTestCases" name="Login11" time="0.0">
    <ignored/>
  </testcase> <!-- Login11 -->
  <testcase classname="TestComponents.NegativeTestCases" name="Login27" time="0.0">
    <ignored/>
  </testcase> <!-- Login27 -->
  <testcase classname="TestComponents.NegativeTestCases" name="Login7" time="0.0">
    <ignored/>
  </testcase> <!-- Login7 -->
  <testcase classname="TestComponents.NegativeTestCases" name="Login17" time="0.0">
    <ignored/>
  </testcase> <!-- Login17 -->
  <testcase classname="TestComponents.NegativeTestCases" name="Login25" time="0.0">
    <ignored/>
  </testcase> <!-- Login25 -->
  <testcase classname="TestComponents.NegativeTestCases" name="Login5" time="0.0">
    <ignored/>
  </testcase> <!-- Login5 -->
  <testcase classname="TestComponents.NegativeTestCases" name="Login15" time="0.0">
    <ignored/>
  </testcase> <!-- Login15 -->
</testsuite> <!-- Run Login26(failed) -->
