<?xml version="1.0" encoding="UTF-8"?>
<!-- Generated by org.testng.reporters.JUnitXMLReporter -->
<testsuite ignored="0" hostname="BGVM1" failures="0" tests="37" name="EzionTests" time="350.768" errors="0" timestamp="2025-07-15T04:44:41 UTC">
  <testcase classname="TestComponents.PharmacyLogin2" name="PharmacyLogin2_ShouldLoginSuccessfullyForUser" time="0.534"/>
  <testcase classname="TestComponents.PharmacyLogin2" name="PharmacyLogin2_ShouldAssignRolesToUser" time="7.902"/>
  <testcase classname="TestComponents.PharmacyLogin2" name="PharmacyLogin2_ShouldCreateWarehouseForMasterSetup" time="49.602"/>
  <testcase classname="TestComponents.PharmacyLogin2" name="PharmacyLogin2_ShouldCreateStoreForWarehouse" time="21.617"/>
  <testcase classname="TestComponents.PharmacyLogin2" name="PharmacyLogin2_ShouldCreateSupplierForStore" time="15.122"/>
  <testcase classname="TestComponents.PharmacyLogin2" name="PharmacyLogin2_ShouldCreateStorageShelfForSupplier" time="12.223"/>
  <testcase classname="TestComponents.PharmacyLogin2" name="PharmacyLogin2_ShouldAddMedicineToShelf" time="11.237"/>
  <testcase classname="TestComponents.PharmacyLogin2" name="PharmacyLogin2_ShouldAddCustomerToPharmacy" time="12.744"/>
  <testcase classname="TestComponents.PharmacyLogin2" name="PharmacyLogin2_ShouldAddPharmacyLocationToSystem" time="12.332"/>
  <testcase classname="TestComponents.PharmacyLogin2" name="PharmacyLogin2_ShouldAddHospitalLocationToSystem" time="19.695"/>
  <testcase classname="TestComponents.IndentFlow2" name="IndentFlow2_ShouldLoginAndNavigateToIndentPage" time="5.155"/>
  <testcase classname="TestComponents.IndentFlow2" name="IndentFlow2_ShouldCreateIndentRequestForLocation" time="1.578"/>
  <testcase classname="TestComponents.IndentFlow2" name="IndentFlow2_ShouldEditIndentAndSendRequest" time="0.487"/>
  <testcase classname="TestComponents.IndentFlow2" name="IndentFlow2_ShouldApproveIndentRequest" time="1.413"/>
  <testcase classname="TestComponents.StockTransfer2" name="StockTransfer2_Login" time="0.487"/>
  <testcase classname="TestComponents.StockTransfer2" name="StockTransfer2_NavigateToIndent" time="3.471"/>
  <testcase classname="TestComponents.StockTransfer2" name="StockTransfer2_ExecuteStockTransfer" time="2.667"/>
  <testcase classname="TestComponents.PharmacyPurchaseReturn2" name="PharmacyPurchaseReturn2_Login" time="0.471"/>
  <testcase classname="TestComponents.PharmacyPurchaseReturn2" name="PharmacyPurchaseReturn2_CreatePurchase" time="9.596"/>
  <testcase classname="TestComponents.PharmacyPurchaseReturn2" name="PharmacyPurchaseReturn2_GetGRN" time="1.573"/>
  <testcase classname="TestComponents.PharmacyPurchaseReturn2" name="PharmacyPurchaseReturn2_CreateReturn" time="2.589"/>
  <testcase classname="TestComponents.SalesReturn2" name="SalesReturn2_Login" time="0.465"/>
  <testcase classname="TestComponents.SalesReturn2" name="SalesReturn2_CreateSales" time="50.076"/>
  <testcase classname="TestComponents.SalesReturn2" name="SalesReturn2_SearchBill" time="0.894"/>
  <testcase classname="TestComponents.SalesReturn2" name="SalesReturn2_ProcessReturn" time="4.4"/>
  <testcase classname="TestComponents.PharmacyPurchaseOrder2" name="PharmacyPurchaseOrder2_Login" time="0.53"/>
  <testcase classname="TestComponents.PharmacyPurchaseOrder2" name="PharmacyPurchaseOrder2_CreateAndSavePO" time="7.5"/>
  <testcase classname="TestComponents.PharmacyPurchaseOrder2" name="PharmacyPurchaseOrder2_ApproveFirstTabPO" time="0.435"/>
  <testcase classname="TestComponents.PharmacyPurchaseOrder2" name="PharmacyPurchaseOrder2_EditSecondTabPO" time="0.508"/>
  <testcase classname="TestComponents.PharmacyPurchaseOrder2" name="PharmacyPurchaseOrder2_VerifyPOInTrackingPage" time="0.406"/>
  <testcase classname="TestComponents.PharmacyPurchaseOrder2" name="PharmacyPurchaseOrder2_FillPurchaseForm" time="14.032"/>
  <testcase classname="TestComponents.ExcessStockChecker2" name="ExcessStockChecker2_ShouldLoginSuccessfullyForUser" time="3.635"/>
  <testcase classname="TestComponents.ExcessStockChecker2" name="ExcessStockChecker2_ShouldAddMedicineForExcessStockValidation" time="15.477"/>
  <testcase classname="TestComponents.ExcessStockChecker2" name="ExcessStockChecker2_ShouldAddOpeningStockToMedicine" time="3.065"/>
  <testcase classname="TestComponents.LowStockChecker2" name="LowStockChecker2_ShouldLoginToSystem" time="3.374"/>
  <testcase classname="TestComponents.LowStockChecker2" name="LowStockChecker2_ShouldAddMedicineWithLowStockThreshold" time="10.94"/>
  <testcase classname="TestComponents.LowStockChecker2" name="LowStockChecker2_ShouldAddOpeningStockForValidation" time="3.257"/>
</testsuite> <!-- EzionTests -->
