<?xml version="1.0" encoding="UTF-8"?>
<!-- Generated by org.testng.reporters.JUnitXMLReporter -->
<testsuite ignored="0" hostname="BGVM1" failures="1" tests="1" name="MedicineCheckerTest" time="21.921" errors="0" timestamp="2025-06-27T05:46:27 UTC">
  <testcase classname="TestComponents.MedicineCheceker" name="WareHouse_Medicine_Location" time="6.462">
    <failure type="org.openqa.selenium.ElementClickInterceptedException" message="Element &amp;lt;span class=&amp;quot;ng-star-inserted&amp;quot;&amp;gt; is not clickable at point (271,420) because another element &amp;lt;ul class=&amp;quot;ngx-select__choices dropdown-menu ng-star-inserted show&amp;quot;&amp;gt; obscures it
Build info: version: &amp;apos;4.21.0&amp;apos;, revision: &amp;apos;79ed462ef4&amp;apos;
System info: os.name: &amp;apos;Windows 11&amp;apos;, os.arch: &amp;apos;amd64&amp;apos;, os.version: &amp;apos;10.0&amp;apos;, java.version: &amp;apos;24.0.1&amp;apos;
Driver info: org.openqa.selenium.firefox.FirefoxDriver
Command: [f946b00d-7dea-47b3-a52e-13255e7e6d9e, clickElement {id=b71d30aa-f686-4dae-a0b2-8523f351a93e}]
Capabilities {acceptInsecureCerts: true, browserName: firefox, browserVersion: 140.0.1, moz:accessibilityChecks: false, moz:buildID: 20250625213854, moz:geckodriverVersion: 0.36.0, moz:headless: false, moz:platformVersion: 10.0, moz:processID: 16084, moz:profile: C:\Users\EZOBGV~1\AppData\L..., moz:shutdownTimeout: 60000, moz:webdriverClick: true, moz:windowless: false, pageLoadStrategy: normal, platformName: windows, proxy: Proxy(), setWindowRect: true, strictFileInteractability: false, timeouts: {implicit: 0, pageLoad: 300000, script: 30000}, unhandledPromptBehavior: dismiss and notify, userAgent: Mozilla/5.0 (Windows NT 10....}
Element: [[FirefoxDriver: firefox on windows (f946b00d-7dea-47b3-a52e-13255e7e6d9e)] -&amp;gt; xpath: //span[text()=&amp;apos;India&amp;apos;]]
Session ID: f946b00d-7dea-47b3-a52e-13255e7e6d9e">
      <![CDATA[org.openqa.selenium.ElementClickInterceptedException: Element <span class="ng-star-inserted"> is not clickable at point (271,420) because another element <ul class="ngx-select__choices dropdown-menu ng-star-inserted show"> obscures it
Build info: version: '4.21.0', revision: '79ed462ef4'
System info: os.name: 'Windows 11', os.arch: 'amd64', os.version: '10.0', java.version: '24.0.1'
Driver info: org.openqa.selenium.firefox.FirefoxDriver
Command: [f946b00d-7dea-47b3-a52e-13255e7e6d9e, clickElement {id=b71d30aa-f686-4dae-a0b2-8523f351a93e}]
Capabilities {acceptInsecureCerts: true, browserName: firefox, browserVersion: 140.0.1, moz:accessibilityChecks: false, moz:buildID: 20250625213854, moz:geckodriverVersion: 0.36.0, moz:headless: false, moz:platformVersion: 10.0, moz:processID: 16084, moz:profile: C:\Users\EZOBGV~1\AppData\L..., moz:shutdownTimeout: 60000, moz:webdriverClick: true, moz:windowless: false, pageLoadStrategy: normal, platformName: windows, proxy: Proxy(), setWindowRect: true, strictFileInteractability: false, timeouts: {implicit: 0, pageLoad: 300000, script: 30000}, unhandledPromptBehavior: dismiss and notify, userAgent: Mozilla/5.0 (Windows NT 10....}
Element: [[FirefoxDriver: firefox on windows (f946b00d-7dea-47b3-a52e-13255e7e6d9e)] -> xpath: //span[text()='India']]
Session ID: f946b00d-7dea-47b3-a52e-13255e7e6d9e
at org.openqa.selenium.remote.ErrorCodec.decode(ErrorCodec.java:167)
at org.openqa.selenium.remote.codec.w3c.W3CHttpResponseCodec.decode(W3CHttpResponseCodec.java:138)
at org.openqa.selenium.remote.codec.w3c.W3CHttpResponseCodec.decode(W3CHttpResponseCodec.java:50)
at org.openqa.selenium.remote.HttpCommandExecutor.execute(HttpCommandExecutor.java:190)
at org.openqa.selenium.remote.service.DriverCommandExecutor.invokeExecute(DriverCommandExecutor.java:216)
at org.openqa.selenium.remote.service.DriverCommandExecutor.execute(DriverCommandExecutor.java:174)
at org.openqa.selenium.remote.RemoteWebDriver.execute(RemoteWebDriver.java:518)
at org.openqa.selenium.remote.RemoteWebElement.execute(RemoteWebElement.java:223)
at org.openqa.selenium.remote.RemoteWebElement.click(RemoteWebElement.java:76)
at PharmacyFlowObjects.MasterSetupPage.fillWarehouseDetails(MasterSetupPage.java:55)
at PharmacyFlowObjects.MasterSetupPage.createWarehouse(MasterSetupPage.java:65)
at TestComponents.MedicineCheceker.WareHouse_Medicine_Location(MedicineCheceker.java:34)
at java.base/java.util.ArrayList.forEach(ArrayList.java:1604)
at java.base/java.util.concurrent.FutureTask.run(FutureTask.java:328)
at java.base/java.util.concurrent.ThreadPoolExecutor.runWorker(ThreadPoolExecutor.java:1095)
at java.base/java.util.concurrent.ThreadPoolExecutor$Worker.run(ThreadPoolExecutor.java:619)
at java.base/java.lang.Thread.run(Thread.java:1447)
... Removed 18 stack frames]]>
    </failure>
  </testcase> <!-- WareHouse_Medicine_Location -->
</testsuite> <!-- MedicineCheckerTest -->
