<?xml version="1.0" encoding="UTF-8"?>
<!-- Generated by org.testng.reporters.JUnitXMLReporter -->
<testsuite ignored="30" hostname="BGVM1" failures="0" tests="1" name="Run Login16" time="17.031" errors="0" timestamp="2025-07-15T05:12:48 UTC">
  <testcase classname="TestComponents.NegativeTestCases" name="Login16" time="7.736"/>
  <testcase classname="TestComponents.NegativeTestCases" name="Login18" time="0.0">
    <ignored/>
  </testcase> <!-- Login18 -->
  <testcase classname="TestComponents.NegativeTestCases" name="Login11" time="0.0">
    <ignored/>
  </testcase> <!-- Login11 -->
  <testcase classname="TestComponents.NegativeTestCases" name="Login21" time="0.0">
    <ignored/>
  </testcase> <!-- Login21 -->
  <testcase classname="TestComponents.NegativeTestCases" name="Login1" time="0.0">
    <ignored/>
  </testcase> <!-- Login1 -->
  <testcase classname="TestComponents.NegativeTestCases" name="Login13" time="0.0">
    <ignored/>
  </testcase> <!-- Login13 -->
  <testcase classname="TestComponents.NegativeTestCases" name="Login23" time="0.0">
    <ignored/>
  </testcase> <!-- Login23 -->
  <testcase classname="TestComponents.NegativeTestCases" name="Login3" time="0.0">
    <ignored/>
  </testcase> <!-- Login3 -->
  <testcase classname="TestComponents.NegativeTestCases" name="Login15" time="0.0">
    <ignored/>
  </testcase> <!-- Login15 -->
  <testcase classname="TestComponents.NegativeTestCases" name="Login25" time="0.0">
    <ignored/>
  </testcase> <!-- Login25 -->
  <testcase classname="TestComponents.NegativeTestCases" name="Login5" time="0.0">
    <ignored/>
  </testcase> <!-- Login5 -->
  <testcase classname="TestComponents.NegativeTestCases" name="Login17" time="0.0">
    <ignored/>
  </testcase> <!-- Login17 -->
  <testcase classname="TestComponents.NegativeTestCases" name="Login27" time="0.0">
    <ignored/>
  </testcase> <!-- Login27 -->
  <testcase classname="TestComponents.NegativeTestCases" name="Login7" time="0.0">
    <ignored/>
  </testcase> <!-- Login7 -->
  <testcase classname="TestComponents.NegativeTestCases" name="Login31" time="0.0">
    <ignored/>
  </testcase> <!-- Login31 -->
  <testcase classname="TestComponents.NegativeTestCases" name="Login19" time="0.0">
    <ignored/>
  </testcase> <!-- Login19 -->
  <testcase classname="TestComponents.NegativeTestCases" name="Login29" time="0.0">
    <ignored/>
  </testcase> <!-- Login29 -->
  <testcase classname="TestComponents.NegativeTestCases" name="Login9" time="0.0">
    <ignored/>
  </testcase> <!-- Login9 -->
  <testcase classname="TestComponents.NegativeTestCases" name="Login2" time="0.0">
    <ignored/>
  </testcase> <!-- Login2 -->
  <testcase classname="TestComponents.NegativeTestCases" name="Login22" time="0.0">
    <ignored/>
  </testcase> <!-- Login22 -->
  <testcase classname="TestComponents.NegativeTestCases" name="Login10" time="0.0">
    <ignored/>
  </testcase> <!-- Login10 -->
  <testcase classname="TestComponents.NegativeTestCases" name="Login24" time="0.0">
    <ignored/>
  </testcase> <!-- Login24 -->
  <testcase classname="TestComponents.NegativeTestCases" name="Login4" time="0.0">
    <ignored/>
  </testcase> <!-- Login4 -->
  <testcase classname="TestComponents.NegativeTestCases" name="Login12" time="0.0">
    <ignored/>
  </testcase> <!-- Login12 -->
  <testcase classname="TestComponents.NegativeTestCases" name="Login26" time="0.0">
    <ignored/>
  </testcase> <!-- Login26 -->
  <testcase classname="TestComponents.NegativeTestCases" name="Login6" time="0.0">
    <ignored/>
  </testcase> <!-- Login6 -->
  <testcase classname="TestComponents.NegativeTestCases" name="Login14" time="0.0">
    <ignored/>
  </testcase> <!-- Login14 -->
  <testcase classname="TestComponents.NegativeTestCases" name="Login28" time="0.0">
    <ignored/>
  </testcase> <!-- Login28 -->
  <testcase classname="TestComponents.NegativeTestCases" name="Login8" time="0.0">
    <ignored/>
  </testcase> <!-- Login8 -->
  <testcase classname="TestComponents.NegativeTestCases" name="Login20" time="0.0">
    <ignored/>
  </testcase> <!-- Login20 -->
  <testcase classname="TestComponents.NegativeTestCases" name="Login30" time="0.0">
    <ignored/>
  </testcase> <!-- Login30 -->
</testsuite> <!-- Run Login16 -->
