<?xml version="1.0" encoding="UTF-8"?>
<!-- Generated by org.testng.reporters.JUnitXMLReporter -->
<testsuite ignored="1" hostname="BGVM1" failures="0" tests="4" name="PositiveTests" time="37.016" errors="0" timestamp="2025-06-30T05:52:59 UTC">
  <testcase classname="TestComponents.SalesReturn3" name="SalesReturn3_Login" time="0.526"/>
  <testcase classname="TestComponents.SalesReturn3" name="SalesReturn3_CreateSales" time="7.948"/>
  <testcase classname="TestComponents.SalesReturn3" name="SalesReturn3_SearchBill" time="1.047"/>
  <testcase classname="TestComponents.SalesReturn3" name="SalesReturn3_ProcessReturn" time="22.36"/>
  <testcase classname="TestComponents.SalesReturn3" name="SalesReturn3_InvalidLogin" time="0.0">
    <ignored/>
  </testcase> <!-- SalesReturn3_InvalidLogin -->
</testsuite> <!-- PositiveTests -->
