<?xml version="1.0" encoding="UTF-8"?>
<testng-results ignored="0" total="1" passed="1" failed="0" skipped="0">
  <reporter-output>
  </reporter-output>
  <suite started-at="2025-07-29T19:01:16 IST" name="Default suite" finished-at="2025-07-29T19:01:58 IST" duration-ms="41910">
    <groups>
    </groups>
    <test started-at="2025-07-29T19:01:16 IST" name="Default test" finished-at="2025-07-29T19:01:58 IST" duration-ms="41910">
      <class name="TestComponents.AppointMentBooking">
        <test-method is-config="true" signature="loginPage()[pri:0, instance:TestComponents.AppointMentBooking@1033576a]" started-at="2025-07-29T19:01:16 IST" name="loginPage" finished-at="2025-07-29T19:01:27 IST" duration-ms="11562" status="PASS">
          <reporter-output>
          </reporter-output>
        </test-method> <!-- loginPage -->
        <test-method signature="Login()[pri:0, instance:TestComponents.AppointMentBooking@1033576a]" started-at="2025-07-29T19:01:28 IST" name="Login" finished-at="2025-07-29T19:01:58 IST" duration-ms="29977" status="PASS">
          <reporter-output>
          </reporter-output>
        </test-method> <!-- Login -->
      </class> <!-- TestComponents.AppointMentBooking -->
    </test> <!-- Default test -->
  </suite> <!-- Default suite -->
</testng-results>
