<?xml version="1.0" encoding="UTF-8"?>
<!-- Generated by org.testng.reporters.JUnitXMLReporter -->
<testsuite ignored="1" hostname="BGVM1" failures="0" tests="4" name="PositiveGroup" time="38.925" errors="0" timestamp="2025-06-30T05:54:12 UTC">
  <testcase classname="TestComponents.SalesReturn3" name="SalesReturn3_Login" time="3.372"/>
  <testcase classname="TestComponents.SalesReturn3" name="SalesReturn3_CreateSales" time="8.167"/>
  <testcase classname="TestComponents.SalesReturn3" name="SalesReturn3_SearchBill" time="0.74"/>
  <testcase classname="TestComponents.SalesReturn3" name="SalesReturn3_ProcessReturn" time="22.034"/>
  <testcase classname="TestComponents.SalesReturn3" name="SalesReturn3_InvalidLogin" time="0.0">
    <ignored/>
  </testcase> <!-- SalesReturn3_InvalidLogin -->
</testsuite> <!-- PositiveGroup -->
