<?xml version="1.0" encoding="UTF-8"?>
<!-- Generated by org.testng.reporters.JUnitXMLReporter -->
<testsuite ignored="0" hostname="BGVM1" failures="0" tests="6" name="PharmacyPurchaseOrder Test" time="34.753" errors="0" timestamp="2025-07-04T05:14:30 UTC">
  <testcase classname="TestComponents.PharmacyPurchaseOrder2" name="PharmacyPurchaseOrder2_Login" time="0.593"/>
  <testcase classname="TestComponents.PharmacyPurchaseOrder2" name="PharmacyPurchaseOrder2_CreateAndSavePO" time="7.174"/>
  <testcase classname="TestComponents.PharmacyPurchaseOrder2" name="PharmacyPurchaseOrder2_ApproveFirstTabPO" time="0.832"/>
  <testcase classname="TestComponents.PharmacyPurchaseOrder2" name="PharmacyPurchaseOrder2_EditSecondTabPO" time="0.993"/>
  <testcase classname="TestComponents.PharmacyPurchaseOrder2" name="PharmacyPurchaseOrder2_VerifyPOInTrackingPage" time="0.714"/>
  <testcase classname="TestComponents.PharmacyPurchaseOrder2" name="PharmacyPurchaseOrder2_FillPurchaseForm" time="18.815"/>
</testsuite> <!-- PharmacyPurchaseOrder Test -->
